<?xml version="1.0" encoding="utf-8"?><testsuites name="pytest tests"><testsuite name="pytest" errors="0" failures="0" skipped="0" tests="10" time="1.651" timestamp="2026-04-07T13:28:34.685949+00:00" hostname="agent-env-52483002-68c4-4d41-be4f-875b522041f5"><testcase classname="backend.tests.test_aquax_planejamento.TestAquaXProducts" name="test_aquax_technology_exists" time="0.167" /><testcase classname="backend.tests.test_aquax_planejamento.TestAquaXProducts" name="test_aquax_products_exist" time="0.130" /><testcase classname="backend.tests.test_aquax_planejamento.TestAquaXProducts" name="test_non_aquax_products_exist" time="0.090" /><testcase classname="backend.tests.test_aquax_planejamento.TestProductsAPI" name="test_get_all_products" time="0.119" /><testcase classname="backend.tests.test_aquax_planejamento.TestProductsAPI" name="test_get_products_by_technology" time="0.104" /><testcase classname="backend.tests.test_aquax_planejamento.TestAuthAndLogin" name="test_admin_login_success" time="0.408" /><testcase classname="backend.tests.test_aquax_planejamento.TestAuthAndLogin" name="test_invalid_login" time="0.094" /><testcase classname="backend.tests.test_aquax_planejamento.TestTechnologiesAPI" name="test_get_technologies" time="0.094" /><testcase classname="backend.tests.test_aquax_planejamento.TestVolumeCalculation" name="test_aquax_volume_calculation_data" time="0.126" /><testcase classname="backend.tests.test_aquax_planejamento.TestVolumeCalculation" name="test_non_aquax_volume_calculation_data" time="0.094" /></testsuite></testsuites>