<?xml version="1.0" encoding="utf-8"?><testsuites name="pytest tests"><testsuite name="pytest" errors="0" failures="0" skipped="0" tests="6" time="4.368" timestamp="2026-04-02T15:36:06.162606+00:00" hostname="agent-env-52483002-68c4-4d41-be4f-875b522041f5"><testcase classname="backend.tests.test_culture_crud.TestCultureCRUD" name="test_create_culture_success" time="0.492" /><testcase classname="backend.tests.test_culture_crud.TestCultureCRUD" name="test_get_admin_cultures" time="0.471" /><testcase classname="backend.tests.test_culture_crud.TestCultureCRUD" name="test_update_culture" time="0.517" /><testcase classname="backend.tests.test_culture_crud.TestCultureCRUD" name="test_delete_culture" time="0.708" /><testcase classname="backend.tests.test_culture_crud.TestCultureCRUD" name="test_full_culture_crud_flow" time="0.849" /><testcase classname="backend.tests.test_culture_crud.TestCultureCRUD" name="test_create_culture_requires_admin" time="1.210" /></testsuite></testsuites>