<?xml version="1.0" encoding="utf-8"?><testsuites name="pytest tests"><testsuite name="pytest" errors="0" failures="0" skipped="0" tests="14" time="2.706" timestamp="2026-04-02T22:21:17.621376+00:00" hostname="agent-env-52483002-68c4-4d41-be4f-875b522041f5"><testcase classname="backend.tests.test_final_predeploy.TestAuthAndJWT" name="test_admin_login_success" time="0.392" /><testcase classname="backend.tests.test_final_predeploy.TestAuthAndJWT" name="test_invalid_credentials" time="0.119" /><testcase classname="backend.tests.test_final_predeploy.TestTechnologies" name="test_get_technologies" time="0.122" /><testcase classname="backend.tests.test_final_predeploy.TestCultures" name="test_get_cultures" time="0.137" /><testcase classname="backend.tests.test_final_predeploy.TestComparison" name="test_get_competitor_companies" time="0.102" /><testcase classname="backend.tests.test_final_predeploy.TestComparison" name="test_get_all_competitors" time="0.131" /><testcase classname="backend.tests.test_final_predeploy.TestProducts" name="test_get_all_products" time="0.089" /><testcase classname="backend.tests.test_final_predeploy.TestAdminSecurity" name="test_admin_users_requires_auth" time="0.157" /><testcase classname="backend.tests.test_final_predeploy.TestAdminSecurity" name="test_admin_users_with_token" time="0.446" /><testcase classname="backend.tests.test_final_predeploy.TestAdminSecurity" name="test_admin_technologies_requires_auth" time="0.089" /><testcase classname="backend.tests.test_final_predeploy.TestMarketStudy" name="test_market_studies_requires_auth" time="0.097" /><testcase classname="backend.tests.test_final_predeploy.TestMarketStudy" name="test_market_studies_with_token" time="0.430" /><testcase classname="backend.tests.test_final_predeploy.TestMaintenanceMode" name="test_maintenance_status" time="0.100" /><testcase classname="backend.tests.test_final_predeploy.TestHomeContent" name="test_get_home_content" time="0.115" /></testsuite></testsuites>