<?xml version="1.0" encoding="utf-8"?><testsuites name="pytest tests"><testsuite name="pytest" errors="0" failures="1" skipped="0" tests="18" time="8.183" timestamp="2026-04-27T19:21:24.182466+00:00" hostname="agent-env-52483002-68c4-4d41-be4f-875b522041f5"><testcase classname="backend.tests.test_iteration7_features.TestAuthLogin" name="test_admin_login_success" time="0.396" /><testcase classname="backend.tests.test_iteration7_features.TestAuthLogin" name="test_regular_user_login" time="0.342" /><testcase classname="backend.tests.test_iteration7_features.TestMarketStudyPrazoField" name="test_create_market_study_with_prazo" time="0.471" /><testcase classname="backend.tests.test_iteration7_features.TestMarketStudyPrazoField" name="test_create_market_study_with_safra_prazo" time="0.421" /><testcase classname="backend.tests.test_iteration7_features.TestMarketStudyPrazoField" name="test_create_market_study_with_safrinha_prazo" time="0.479" /><testcase classname="backend.tests.test_iteration7_features.TestMarketStudyPrazoField" name="test_get_market_studies_includes_prazo" time="0.447"><failure message="assert ('prazo' in {'created_at': '2026-04-02T17:34:06.965796+00:00', 'dose_ha': 1.0, 'empresa': 'Bayer', 'estado': 'SP', ...} or None is not None or 'prazo' in &quot;{'id': '1fb2b296-70c6-4465-8fb5-eb367205055e', 'user_id': 'b7d39bbd-89d1-4b66-8f9c-1b6de493649a', 'empresa': 'Bayer', 'produto': 'Nativo', 'dose_ha': 1.0, 'valor': 300, 'venda': 'Venda direta', 'estado': 'SP', 'rs_ha': 300.0, 'created_at': '2026-04-02T17:34:06.965796+00:00'}&quot;)&#10; +  where None = &lt;built-in method get of dict object at 0xf891523f9380&gt;('prazo')&#10; +    where &lt;built-in method get of dict object at 0xf891523f9380&gt; = {'created_at': '2026-04-02T17:34:06.965796+00:00', 'dose_ha': 1.0, 'empresa': 'Bayer', 'estado': 'SP', ...}.get&#10; +  and   &quot;{'id': '1fb2b296-70c6-4465-8fb5-eb367205055e', 'user_id': 'b7d39bbd-89d1-4b66-8f9c-1b6de493649a', 'empresa': 'Bayer', 'produto': 'Nativo', 'dose_ha': 1.0, 'valor': 300, 'venda': 'Venda direta', 'estado': 'SP', 'rs_ha': 300.0, 'created_at': '2026-04-02T17:34:06.965796+00:00'}&quot; = str({'created_at': '2026-04-02T17:34:06.965796+00:00', 'dose_ha': 1.0, 'empresa': 'Bayer', 'estado': 'SP', ...})">backend/tests/test_iteration7_features.py:143: in test_get_market_studies_includes_prazo
    assert "prazo" in studies[0] or studies[0].get("prazo") is not None or "prazo" in str(studies[0])
E   assert ('prazo' in {'created_at': '2026-04-02T17:34:06.965796+00:00', 'dose_ha': 1.0, 'empresa': 'Bayer', 'estado': 'SP', ...} or None is not None or 'prazo' in "{'id': '1fb2b296-70c6-4465-8fb5-eb367205055e', 'user_id': 'b7d39bbd-89d1-4b66-8f9c-1b6de493649a', 'empresa': 'Bayer', 'produto': 'Nativo', 'dose_ha': 1.0, 'valor': 300, 'venda': 'Venda direta', 'estado': 'SP', 'rs_ha': 300.0, 'created_at': '2026-04-02T17:34:06.965796+00:00'}")
E    +  where None = &lt;built-in method get of dict object at 0xf891523f9380&gt;('prazo')
E    +    where &lt;built-in method get of dict object at 0xf891523f9380&gt; = {'created_at': '2026-04-02T17:34:06.965796+00:00', 'dose_ha': 1.0, 'empresa': 'Bayer', 'estado': 'SP', ...}.get
E    +  and   "{'id': '1fb2b296-70c6-4465-8fb5-eb367205055e', 'user_id': 'b7d39bbd-89d1-4b66-8f9c-1b6de493649a', 'empresa': 'Bayer', 'produto': 'Nativo', 'dose_ha': 1.0, 'valor': 300, 'venda': 'Venda direta', 'estado': 'SP', 'rs_ha': 300.0, 'created_at': '2026-04-02T17:34:06.965796+00:00'}" = str({'created_at': '2026-04-02T17:34:06.965796+00:00', 'dose_ha': 1.0, 'empresa': 'Bayer', 'estado': 'SP', ...})</failure></testcase><testcase classname="backend.tests.test_iteration7_features.TestPlanejamentoReports" name="test_save_planejamento_report" time="0.477" /><testcase classname="backend.tests.test_iteration7_features.TestPlanejamentoReports" name="test_get_planejamento_reports" time="0.527" /><testcase classname="backend.tests.test_iteration7_features.TestPlanejamentoReports" name="test_delete_planejamento_report" time="0.532" /><testcase classname="backend.tests.test_iteration7_features.TestPlanejamentoReports" name="test_delete_nonexistent_report_returns_404" time="0.477" /><testcase classname="backend.tests.test_iteration7_features.TestPasswordReset" name="test_forgot_password_valid_email" time="0.281" /><testcase classname="backend.tests.test_iteration7_features.TestPasswordReset" name="test_forgot_password_invalid_email" time="0.091" /><testcase classname="backend.tests.test_iteration7_features.TestPasswordReset" name="test_reset_password_invalid_code" time="0.175" /><testcase classname="backend.tests.test_iteration7_features.TestAdminUserActivity" name="test_get_user_activity_aggregated" time="0.436" /><testcase classname="backend.tests.test_iteration7_features.TestAdminUserActivity" name="test_user_activity_requires_admin" time="0.446" /><testcase classname="backend.tests.test_iteration7_features.TestTrackActivity" name="test_track_activity" time="0.476" /><testcase classname="backend.tests.test_iteration7_features.TestCleanup" name="test_cleanup_test_market_studies" time="0.881" /><testcase classname="backend.tests.test_iteration7_features.TestCleanup" name="test_cleanup_test_planejamento_reports" time="0.601" /></testsuite></testsuites>