<?xml version="1.0" encoding="utf-8"?><testsuites name="pytest tests"><testsuite name="pytest" errors="0" failures="0" skipped="0" tests="13" time="8.696" timestamp="2026-07-03T13:26:28.737320+00:00" hostname="agent-env-b9c2ce8f-8302-4b3e-9284-96f3337f69bf"><testcase classname="backend.tests.test_market_study_features.TestAuth" name="test_admin_login" time="0.417" /><testcase classname="backend.tests.test_market_study_features.TestMarketStudyCRUD" name="test_create_market_study_with_concorre_microxisto" time="0.436" /><testcase classname="backend.tests.test_market_study_features.TestMarketStudyCRUD" name="test_create_market_study_without_concorre_microxisto" time="0.443" /><testcase classname="backend.tests.test_market_study_features.TestMarketStudyCRUD" name="test_get_user_market_studies" time="0.423" /><testcase classname="backend.tests.test_market_study_features.TestMarketStudyCRUD" name="test_update_market_study_concorre_microxisto" time="0.590" /><testcase classname="backend.tests.test_market_study_features.TestMarketStudyCRUD" name="test_delete_market_study" time="0.554" /><testcase classname="backend.tests.test_market_study_features.TestAdminMarketStudies" name="test_admin_get_all_market_studies" time="0.441" /><testcase classname="backend.tests.test_market_study_features.TestAdminMarketStudies" name="test_admin_update_any_market_study" time="0.942" /><testcase classname="backend.tests.test_market_study_features.TestAdminMarketStudies" name="test_admin_delete_any_market_study" time="0.497" /><testcase classname="backend.tests.test_market_study_features.TestAdminMarketStudies" name="test_admin_dashboard_by_microxisto" time="1.612" /><testcase classname="backend.tests.test_market_study_features.TestAdminMarketStudies" name="test_admin_dashboard_filtered_by_product" time="0.473" /><testcase classname="backend.tests.test_market_study_features.TestAdminMarketStudies" name="test_admin_export_excel" time="0.733" /><testcase classname="backend.tests.test_market_study_features.TestCleanup" name="test_cleanup_test_data" time="0.912" /></testsuite></testsuites>