<?xml version="1.0" encoding="utf-8"?><testsuites name="pytest tests"><testsuite name="pytest" errors="0" failures="0" skipped="0" tests="13" time="8.599" timestamp="2026-06-25T19:35:34.757421+00:00" hostname="agent-env-b9c2ce8f-8302-4b3e-9284-96f3337f69bf"><testcase classname="backend.tests.test_market_study_features.TestAuth" name="test_admin_login" time="0.506" /><testcase classname="backend.tests.test_market_study_features.TestMarketStudyCRUD" name="test_create_market_study_with_concorre_microxisto" time="0.463" /><testcase classname="backend.tests.test_market_study_features.TestMarketStudyCRUD" name="test_create_market_study_without_concorre_microxisto" time="0.675" /><testcase classname="backend.tests.test_market_study_features.TestMarketStudyCRUD" name="test_get_user_market_studies" time="0.604" /><testcase classname="backend.tests.test_market_study_features.TestMarketStudyCRUD" name="test_update_market_study_concorre_microxisto" time="0.707" /><testcase classname="backend.tests.test_market_study_features.TestMarketStudyCRUD" name="test_delete_market_study" time="0.558" /><testcase classname="backend.tests.test_market_study_features.TestAdminMarketStudies" name="test_admin_get_all_market_studies" time="0.479" /><testcase classname="backend.tests.test_market_study_features.TestAdminMarketStudies" name="test_admin_update_any_market_study" time="0.644" /><testcase classname="backend.tests.test_market_study_features.TestAdminMarketStudies" name="test_admin_delete_any_market_study" time="0.774" /><testcase classname="backend.tests.test_market_study_features.TestAdminMarketStudies" name="test_admin_dashboard_by_microxisto" time="0.544" /><testcase classname="backend.tests.test_market_study_features.TestAdminMarketStudies" name="test_admin_dashboard_filtered_by_product" time="0.704" /><testcase classname="backend.tests.test_market_study_features.TestAdminMarketStudies" name="test_admin_export_excel" time="0.688" /><testcase classname="backend.tests.test_market_study_features.TestCleanup" name="test_cleanup_test_data" time="0.981" /></testsuite></testsuites>