<?xml version="1.0" encoding="utf-8"?><testsuites name="pytest tests"><testsuite name="pytest" errors="0" failures="0" skipped="0" tests="11" time="6.235" timestamp="2026-07-03T14:28:30.126294+00:00" hostname="agent-env-b9c2ce8f-8302-4b3e-9284-96f3337f69bf"><testcase classname="backend.tests.test_bulk_import.TestBulkImportAPI" name="test_bulk_import_success" time="0.666" /><testcase classname="backend.tests.test_bulk_import.TestBulkImportAPI" name="test_bulk_import_empty_empresa_produto_error" time="0.434" /><testcase classname="backend.tests.test_bulk_import.TestBulkImportAPI" name="test_bulk_import_decimal_with_comma" time="0.501" /><testcase classname="backend.tests.test_bulk_import.TestBulkImportAPI" name="test_bulk_import_default_values" time="0.497" /><testcase classname="backend.tests.test_bulk_import.TestBulkImportAPI" name="test_bulk_import_requires_admin" time="0.435" /><testcase classname="backend.tests.test_bulk_import.TestBulkImportAPI" name="test_bulk_import_response_structure" time="1.268" /><testcase classname="backend.tests.test_bulk_import.TestServiceWorkerCaching" name="test_sw_js_no_cache_headers" time="0.087" /><testcase classname="backend.tests.test_bulk_import.TestServiceWorkerCaching" name="test_sw_js_version_14" time="0.086" /><testcase classname="backend.tests.test_bulk_import.TestServiceWorkerCaching" name="test_index_html_sw_registration" time="0.108" /><testcase classname="backend.tests.test_bulk_import.TestDashboardUpdatesAfterImport" name="test_dashboard_reflects_new_records" time="0.693" /><testcase classname="backend.tests.test_bulk_import.TestDashboardUpdatesAfterImport" name="test_filter_options_include_new_data" time="1.238" /></testsuite></testsuites>