<?xml version="1.0" encoding="utf-8"?><testsuites name="pytest tests"><testsuite name="pytest" errors="0" failures="0" skipped="0" tests="21" time="6.550" timestamp="2026-04-02T13:51:20.899313+00:00" hostname="agent-env-52483002-68c4-4d41-be4f-875b522041f5"><testcase classname="tests.test_microxisto_api.TestAuthentication" name="test_login_admin_success" time="0.408" /><testcase classname="tests.test_microxisto_api.TestAuthentication" name="test_login_invalid_credentials" time="0.102" /><testcase classname="tests.test_microxisto_api.TestMaintenanceMode" name="test_get_maintenance_status" time="0.101" /><testcase classname="tests.test_microxisto_api.TestMaintenanceMode" name="test_toggle_maintenance_admin_only" time="0.590" /><testcase classname="tests.test_microxisto_api.TestMaintenanceMode" name="test_toggle_maintenance_requires_auth" time="0.093" /><testcase classname="tests.test_microxisto_api.TestCompetitors" name="test_get_all_competitors" time="0.108" /><testcase classname="tests.test_microxisto_api.TestAdminCultures" name="test_admin_get_cultures" time="0.423" /><testcase classname="tests.test_microxisto_api.TestAdminCultures" name="test_admin_cultures_requires_admin" time="0.088" /><testcase classname="tests.test_microxisto_api.TestMarketStudies" name="test_get_market_studies_requires_auth" time="0.088" /><testcase classname="tests.test_microxisto_api.TestMarketStudies" name="test_get_market_studies_authenticated" time="0.439" /><testcase classname="tests.test_microxisto_api.TestMarketStudies" name="test_create_market_study" time="0.461" /><testcase classname="tests.test_microxisto_api.TestMarketStudies" name="test_market_study_crud_flow" time="0.772" /><testcase classname="tests.test_microxisto_api.TestMarketStudies" name="test_market_studies_dashboard" time="0.412" /><testcase classname="tests.test_microxisto_api.TestMarketStudies" name="test_admin_market_studies_dashboard_filtered" time="0.406" /><testcase classname="tests.test_microxisto_api.TestUserActivity" name="test_track_activity" time="0.405" /><testcase classname="tests.test_microxisto_api.TestUserActivity" name="test_get_user_activity_admin_only" time="0.441" /><testcase classname="tests.test_microxisto_api.TestUserActivity" name="test_user_activity_requires_admin" time="0.089" /><testcase classname="tests.test_microxisto_api.TestPublicEndpoints" name="test_get_technologies" time="0.106" /><testcase classname="tests.test_microxisto_api.TestPublicEndpoints" name="test_get_cultures" time="0.103" /><testcase classname="tests.test_microxisto_api.TestPublicEndpoints" name="test_get_products" time="0.105" /><testcase classname="tests.test_microxisto_api.TestPublicEndpoints" name="test_get_home_content" time="0.600" /></testsuite></testsuites>