<?xml version="1.0" encoding="utf-8"?><testsuites name="pytest tests"><testsuite name="pytest" errors="0" failures="0" skipped="0" tests="18" time="5.459" timestamp="2026-03-31T15:18:12.429456+00:00" hostname="agent-env-b9c2ce8f-8302-4b3e-9284-96f3337f69bf"><testcase classname="tests.test_microxisto_api.TestAuthFlow" name="test_login_success_admin" time="0.435" /><testcase classname="tests.test_microxisto_api.TestAuthFlow" name="test_login_invalid_credentials" time="0.107" /><testcase classname="tests.test_microxisto_api.TestMaintenanceMode" name="test_get_maintenance_status" time="0.118" /><testcase classname="tests.test_microxisto_api.TestMaintenanceMode" name="test_toggle_maintenance_requires_admin" time="0.119" /><testcase classname="tests.test_microxisto_api.TestMarketStudiesCRUD" name="test_create_market_study" time="0.412" /><testcase classname="tests.test_microxisto_api.TestMarketStudiesCRUD" name="test_get_market_studies" time="0.421" /><testcase classname="tests.test_microxisto_api.TestMarketStudiesCRUD" name="test_update_market_study" time="0.666" /><testcase classname="tests.test_microxisto_api.TestMarketStudiesCRUD" name="test_delete_market_study" time="0.531" /><testcase classname="tests.test_microxisto_api.TestMarketStudiesCRUD" name="test_market_studies_requires_auth" time="0.095" /><testcase classname="tests.test_microxisto_api.TestPublicEndpoints" name="test_get_technologies" time="0.087" /><testcase classname="tests.test_microxisto_api.TestPublicEndpoints" name="test_get_products" time="0.085" /><testcase classname="tests.test_microxisto_api.TestPublicEndpoints" name="test_get_competitors" time="0.089" /><testcase classname="tests.test_microxisto_api.TestPublicEndpoints" name="test_get_competitor_companies" time="0.094" /><testcase classname="tests.test_microxisto_api.TestPublicEndpoints" name="test_get_cultures" time="0.184" /><testcase classname="tests.test_microxisto_api.TestPublicEndpoints" name="test_get_home_content" time="0.079" /><testcase classname="tests.test_microxisto_api.TestAdminEndpoints" name="test_admin_toggle_maintenance" time="0.759" /><testcase classname="tests.test_microxisto_api.TestAdminEndpoints" name="test_admin_export_market_studies" time="0.457" /><testcase classname="tests.test_microxisto_api.TestCleanup" name="test_cleanup_test_market_studies" time="0.536" /></testsuite></testsuites>